2017-12-26 00:08:42.392  INFO 4816 --- [main] r.a.AuthenticationApplication            : Starting AuthenticationApplication on home-pc with PID 4816 (C:\Users\user\Desktop\PhoneBook\JavaServices\authentication\out\production\classes started by user in C:\Users\user\Desktop\PhoneBook\JavaServices\projects)
2017-12-26 00:08:42.420  INFO 4816 --- [main] r.a.AuthenticationApplication            : No active profile set, falling back to default profiles: default
2017-12-26 00:08:42.522  INFO 4816 --- [main] ationConfigEmbeddedWebApplicationContext : Refreshing org.springframework.boot.context.embedded.AnnotationConfigEmbeddedWebApplicationContext@59d016c9: startup date [Tue Dec 26 00:08:42 MSK 2017]; root of context hierarchy
2017-12-26 00:08:50.197  INFO 4816 --- [main] trationDelegate$BeanPostProcessorChecker : Bean 'org.springframework.transaction.annotation.ProxyTransactionManagementConfiguration' of type [class org.springframework.transaction.annotation.ProxyTransactionManagementConfiguration$$EnhancerBySpringCGLIB$$cb3f6d22] is not eligible for getting processed by all BeanPostProcessors (for example: not eligible for auto-proxying)
2017-12-26 00:08:51.629  INFO 4816 --- [main] s.b.c.e.t.TomcatEmbeddedServletContainer : Tomcat initialized with port(s): 8080 (http)
2017-12-26 00:08:51.670  INFO 4816 --- [main] o.apache.catalina.core.StandardService   : Starting service Tomcat
2017-12-26 00:08:51.672  INFO 4816 --- [main] org.apache.catalina.core.StandardEngine  : Starting Servlet Engine: Apache Tomcat/8.5.6
2017-12-26 00:08:51.877  INFO 4816 --- [localhost-startStop-1] o.a.c.c.C.[Tomcat].[localhost].[/]       : Initializing Spring embedded WebApplicationContext
2017-12-26 00:08:51.878  INFO 4816 --- [localhost-startStop-1] o.s.web.context.ContextLoader            : Root WebApplicationContext: initialization completed in 9362 ms
2017-12-26 00:08:52.166  INFO 4816 --- [localhost-startStop-1] o.s.b.w.servlet.FilterRegistrationBean   : Mapping filter: 'characterEncodingFilter' to: [/*]
2017-12-26 00:08:52.167  INFO 4816 --- [localhost-startStop-1] o.s.b.w.servlet.FilterRegistrationBean   : Mapping filter: 'hiddenHttpMethodFilter' to: [/*]
2017-12-26 00:08:52.168  INFO 4816 --- [localhost-startStop-1] o.s.b.w.servlet.FilterRegistrationBean   : Mapping filter: 'httpPutFormContentFilter' to: [/*]
2017-12-26 00:08:52.169  INFO 4816 --- [localhost-startStop-1] o.s.b.w.servlet.FilterRegistrationBean   : Mapping filter: 'requestContextFilter' to: [/*]
2017-12-26 00:08:52.170  INFO 4816 --- [localhost-startStop-1] .s.DelegatingFilterProxyRegistrationBean : Mapping filter: 'springSecurityFilterChain' to: [/*]
2017-12-26 00:08:52.170  INFO 4816 --- [localhost-startStop-1] o.s.b.w.servlet.ServletRegistrationBean  : Mapping servlet: 'dispatcherServlet' to [/]
2017-12-26 00:08:53.257  INFO 4816 --- [main] j.LocalContainerEntityManagerFactoryBean : Building JPA container EntityManagerFactory for persistence unit 'default'
2017-12-26 00:08:53.320  INFO 4816 --- [main] o.hibernate.jpa.internal.util.LogHelper  : HHH000204: Processing PersistenceUnitInfo [
	name: default
	...]
2017-12-26 00:08:53.738  INFO 4816 --- [main] org.hibernate.Version                    : HHH000412: Hibernate Core {5.0.11.Final}
2017-12-26 00:08:53.740  INFO 4816 --- [main] org.hibernate.cfg.Environment            : HHH000206: hibernate.properties not found
2017-12-26 00:08:53.741  INFO 4816 --- [main] org.hibernate.cfg.Environment            : HHH000021: Bytecode provider name : javassist
2017-12-26 00:08:53.878  INFO 4816 --- [main] o.hibernate.annotations.common.Version   : HCANN000001: Hibernate Commons Annotations {5.0.1.Final}
2017-12-26 00:08:55.443  INFO 4816 --- [main] org.hibernate.dialect.Dialect            : HHH000400: Using dialect: org.hibernate.dialect.MySQL5Dialect
2017-12-26 00:08:55.515  INFO 4816 --- [main] o.h.e.j.e.i.LobCreatorBuilderImpl        : HHH000423: Disabling contextual LOB creation as JDBC driver reported JDBC version [3] less than 4
2017-12-26 00:09:00.920  INFO 4816 --- [main] org.hibernate.tool.hbm2ddl.SchemaExport  : HHH000227: Running hbm2ddl schema export
2017-12-26 00:09:01.072 ERROR 4816 --- [main] org.hibernate.tool.hbm2ddl.SchemaExport  : HHH000389: Unsuccessful: alter table authentication_roles drop foreign key FKphsa45w43nie2c79utb6da7xt
2017-12-26 00:09:01.073 ERROR 4816 --- [main] org.hibernate.tool.hbm2ddl.SchemaExport  : Table 'test.authentication_roles' doesn't exist
2017-12-26 00:09:01.075 ERROR 4816 --- [main] org.hibernate.tool.hbm2ddl.SchemaExport  : HHH000389: Unsuccessful: alter table authentication_roles drop foreign key FKn2l94pwqhel5tjw3x2lytxo0g
2017-12-26 00:09:01.075 ERROR 4816 --- [main] org.hibernate.tool.hbm2ddl.SchemaExport  : Table 'test.authentication_roles' doesn't exist
2017-12-26 00:09:01.112 ERROR 4816 --- [main] org.hibernate.tool.hbm2ddl.SchemaExport  : HHH000389: Unsuccessful: alter table user_detail drop foreign key FKq2xog90majisky107au0o7a44
2017-12-26 00:09:01.112 ERROR 4816 --- [main] org.hibernate.tool.hbm2ddl.SchemaExport  : Table 'test.user_detail' doesn't exist
2017-12-26 00:09:02.798  INFO 4816 --- [main] org.hibernate.tool.hbm2ddl.SchemaExport  : HHH000230: Schema export complete
2017-12-26 00:09:02.885  INFO 4816 --- [main] j.LocalContainerEntityManagerFactoryBean : Initialized JPA EntityManagerFactory for persistence unit 'default'
2017-12-26 00:09:04.555  INFO 4816 --- [main] o.s.s.web.DefaultSecurityFilterChain     : Creating filter chain: org.springframework.security.web.util.matcher.AnyRequestMatcher@1, [org.springframework.security.web.context.request.async.WebAsyncManagerIntegrationFilter@7911cc15, org.springframework.security.web.context.SecurityContextPersistenceFilter@58a7dc4, org.springframework.security.web.header.HeaderWriterFilter@5627cb29, org.springframework.security.web.authentication.logout.LogoutFilter@7d484fcd, org.springframework.security.web.authentication.www.BasicAuthenticationFilter@5403907, org.springframework.security.web.savedrequest.RequestCacheAwareFilter@27f71195, org.springframework.security.web.servletapi.SecurityContextHolderAwareRequestFilter@6b063470, org.springframework.security.web.authentication.AnonymousAuthenticationFilter@4409cae6, org.springframework.security.web.session.SessionManagementFilter@70c29356, org.springframework.security.web.access.ExceptionTranslationFilter@21274afe, org.springframework.security.web.access.intercept.FilterSecurityInterceptor@1e495414]
2017-12-26 00:09:04.947  INFO 4816 --- [main] s.w.s.m.m.a.RequestMappingHandlerAdapter : Looking for @ControllerAdvice: org.springframework.boot.context.embedded.AnnotationConfigEmbeddedWebApplicationContext@59d016c9: startup date [Tue Dec 26 00:08:42 MSK 2017]; root of context hierarchy
2017-12-26 00:09:05.077  INFO 4816 --- [main] s.w.s.m.m.a.RequestMappingHandlerMapping : Mapped "{[/user/],methods=[POST]}" onto public org.springframework.http.ResponseEntity<rnd.authentication.dto.response.AbstractResponseDto> rnd.authentication.controller.UserController.createUser(rnd.authentication.dto.entity.user.AuthenticationDto)
2017-12-26 00:09:05.081  INFO 4816 --- [main] s.w.s.m.m.a.RequestMappingHandlerMapping : Mapped "{[/user/{id}],methods=[PUT]}" onto public org.springframework.http.ResponseEntity<rnd.authentication.dto.response.AbstractResponseDto> rnd.authentication.controller.UserController.updateUser(long,rnd.authentication.dto.entity.user.UserDto)
2017-12-26 00:09:05.083  INFO 4816 --- [main] s.w.s.m.m.a.RequestMappingHandlerMapping : Mapped "{[/user/profile],methods=[GET]}" onto public org.springframework.http.HttpEntity<rnd.authentication.dto.response.AbstractResponseDto> rnd.authentication.controller.UserController.profileDetail(java.security.Principal)
2017-12-26 00:09:05.083  INFO 4816 --- [main] s.w.s.m.m.a.RequestMappingHandlerMapping : Mapped "{[/user/{id}],methods=[DELETE]}" onto public org.springframework.http.ResponseEntity<rnd.authentication.dto.response.AbstractResponseDto> rnd.authentication.controller.UserController.deleteUser(long)
2017-12-26 00:09:05.085  INFO 4816 --- [main] s.w.s.m.m.a.RequestMappingHandlerMapping : Mapped "{[/user/{id}],methods=[GET]}" onto public org.springframework.http.ResponseEntity<rnd.authentication.dto.response.AbstractResponseDto> rnd.authentication.controller.UserController.getUser(long)
2017-12-26 00:09:05.085  INFO 4816 --- [main] s.w.s.m.m.a.RequestMappingHandlerMapping : Mapped "{[/user/],methods=[DELETE]}" onto public org.springframework.http.ResponseEntity<rnd.authentication.dto.response.AbstractResponseDto> rnd.authentication.controller.UserController.deleteAllUsers()
2017-12-26 00:09:05.087  INFO 4816 --- [main] s.w.s.m.m.a.RequestMappingHandlerMapping : Mapped "{[/user/count],methods=[GET]}" onto public org.springframework.http.HttpEntity<rnd.authentication.dto.response.AbstractResponseDto> rnd.authentication.controller.UserController.userCout()
2017-12-26 00:09:05.088  INFO 4816 --- [main] s.w.s.m.m.a.RequestMappingHandlerMapping : Mapped "{[/user/],methods=[GET]}" onto public org.springframework.http.HttpEntity<rnd.authentication.dto.response.AbstractResponseDto> rnd.authentication.controller.UserController.listAllUsers()
2017-12-26 00:09:05.093  INFO 4816 --- [main] s.w.s.m.m.a.RequestMappingHandlerMapping : Mapped "{[/error]}" onto public org.springframework.http.ResponseEntity<java.util.Map<java.lang.String, java.lang.Object>> org.springframework.boot.autoconfigure.web.BasicErrorController.error(javax.servlet.http.HttpServletRequest)
2017-12-26 00:09:05.093  INFO 4816 --- [main] s.w.s.m.m.a.RequestMappingHandlerMapping : Mapped "{[/error],produces=[text/html]}" onto public org.springframework.web.servlet.ModelAndView org.springframework.boot.autoconfigure.web.BasicErrorController.errorHtml(javax.servlet.http.HttpServletRequest,javax.servlet.http.HttpServletResponse)
2017-12-26 00:09:05.153  INFO 4816 --- [main] o.s.w.s.handler.SimpleUrlHandlerMapping  : Mapped URL path [/webjars/**] onto handler of type [class org.springframework.web.servlet.resource.ResourceHttpRequestHandler]
2017-12-26 00:09:05.153  INFO 4816 --- [main] o.s.w.s.handler.SimpleUrlHandlerMapping  : Mapped URL path [/**] onto handler of type [class org.springframework.web.servlet.resource.ResourceHttpRequestHandler]
2017-12-26 00:09:05.246  INFO 4816 --- [main] o.s.w.s.handler.SimpleUrlHandlerMapping  : Mapped URL path [/**/favicon.ico] onto handler of type [class org.springframework.web.servlet.resource.ResourceHttpRequestHandler]
2017-12-26 00:09:05.702  INFO 4816 --- [main] o.s.j.e.a.AnnotationMBeanExporter        : Registering beans for JMX exposure on startup
2017-12-26 00:09:05.849  INFO 4816 --- [main] s.b.c.e.t.TomcatEmbeddedServletContainer : Tomcat started on port(s): 8080 (http)
2017-12-26 00:09:05.857  INFO 4816 --- [main] r.a.AuthenticationApplication            : Started AuthenticationApplication in 25.134 seconds (JVM running for 27.908)
