2017-12-26 00:12:00.150  INFO 4064 --- [main] r.a.AuthenticationApplication            : Starting AuthenticationApplication on home-pc with PID 4064 (C:\Users\user\Desktop\PhoneBook\JavaServices\authentication\out\production\classes started by user in C:\Users\user\Desktop\PhoneBook\JavaServices\projects)
2017-12-26 00:12:00.155  INFO 4064 --- [main] r.a.AuthenticationApplication            : No active profile set, falling back to default profiles: default
2017-12-26 00:12:00.311  INFO 4064 --- [main] ationConfigEmbeddedWebApplicationContext : Refreshing org.springframework.boot.context.embedded.AnnotationConfigEmbeddedWebApplicationContext@59d016c9: startup date [Tue Dec 26 00:12:00 MSK 2017]; root of context hierarchy
2017-12-26 00:12:04.480  INFO 4064 --- [main] trationDelegate$BeanPostProcessorChecker : Bean 'org.springframework.transaction.annotation.ProxyTransactionManagementConfiguration' of type [class org.springframework.transaction.annotation.ProxyTransactionManagementConfiguration$$EnhancerBySpringCGLIB$$cb3f6d22] is not eligible for getting processed by all BeanPostProcessors (for example: not eligible for auto-proxying)
2017-12-26 00:12:05.128  INFO 4064 --- [main] s.b.c.e.t.TomcatEmbeddedServletContainer : Tomcat initialized with port(s): 8080 (http)
2017-12-26 00:12:05.139  INFO 4064 --- [main] o.apache.catalina.core.StandardService   : Starting service Tomcat
2017-12-26 00:12:05.141  INFO 4064 --- [main] org.apache.catalina.core.StandardEngine  : Starting Servlet Engine: Apache Tomcat/8.5.6
2017-12-26 00:12:05.297  INFO 4064 --- [localhost-startStop-1] o.a.c.c.C.[Tomcat].[localhost].[/]       : Initializing Spring embedded WebApplicationContext
2017-12-26 00:12:05.298  INFO 4064 --- [localhost-startStop-1] o.s.web.context.ContextLoader            : Root WebApplicationContext: initialization completed in 4991 ms
2017-12-26 00:12:05.646  INFO 4064 --- [localhost-startStop-1] o.s.b.w.servlet.FilterRegistrationBean   : Mapping filter: 'characterEncodingFilter' to: [/*]
2017-12-26 00:12:05.647  INFO 4064 --- [localhost-startStop-1] o.s.b.w.servlet.FilterRegistrationBean   : Mapping filter: 'hiddenHttpMethodFilter' to: [/*]
2017-12-26 00:12:05.648  INFO 4064 --- [localhost-startStop-1] o.s.b.w.servlet.FilterRegistrationBean   : Mapping filter: 'httpPutFormContentFilter' to: [/*]
2017-12-26 00:12:05.650  INFO 4064 --- [localhost-startStop-1] o.s.b.w.servlet.FilterRegistrationBean   : Mapping filter: 'requestContextFilter' to: [/*]
2017-12-26 00:12:05.652  INFO 4064 --- [localhost-startStop-1] .s.DelegatingFilterProxyRegistrationBean : Mapping filter: 'springSecurityFilterChain' to: [/*]
2017-12-26 00:12:05.653  INFO 4064 --- [localhost-startStop-1] o.s.b.w.servlet.ServletRegistrationBean  : Mapping servlet: 'dispatcherServlet' to [/]
2017-12-26 00:12:06.137  INFO 4064 --- [main] j.LocalContainerEntityManagerFactoryBean : Building JPA container EntityManagerFactory for persistence unit 'default'
2017-12-26 00:12:06.155  INFO 4064 --- [main] o.hibernate.jpa.internal.util.LogHelper  : HHH000204: Processing PersistenceUnitInfo [
	name: default
	...]
2017-12-26 00:12:06.238  INFO 4064 --- [main] org.hibernate.Version                    : HHH000412: Hibernate Core {5.0.11.Final}
2017-12-26 00:12:06.241  INFO 4064 --- [main] org.hibernate.cfg.Environment            : HHH000206: hibernate.properties not found
2017-12-26 00:12:06.243  INFO 4064 --- [main] org.hibernate.cfg.Environment            : HHH000021: Bytecode provider name : javassist
2017-12-26 00:12:06.294  INFO 4064 --- [main] o.hibernate.annotations.common.Version   : HCANN000001: Hibernate Commons Annotations {5.0.1.Final}
2017-12-26 00:12:06.780  INFO 4064 --- [main] org.hibernate.dialect.Dialect            : HHH000400: Using dialect: org.hibernate.dialect.MySQL5Dialect
2017-12-26 00:12:06.822  INFO 4064 --- [main] o.h.e.j.e.i.LobCreatorBuilderImpl        : HHH000423: Disabling contextual LOB creation as JDBC driver reported JDBC version [3] less than 4
2017-12-26 00:12:07.610  INFO 4064 --- [main] org.hibernate.tool.hbm2ddl.SchemaUpdate  : HHH000228: Running hbm2ddl schema update
2017-12-26 00:12:07.874  INFO 4064 --- [main] j.LocalContainerEntityManagerFactoryBean : Initialized JPA EntityManagerFactory for persistence unit 'default'
2017-12-26 00:12:09.123  INFO 4064 --- [main] o.s.s.web.DefaultSecurityFilterChain     : Creating filter chain: org.springframework.security.web.util.matcher.AnyRequestMatcher@1, [org.springframework.security.web.context.request.async.WebAsyncManagerIntegrationFilter@72af90e8, org.springframework.security.web.context.SecurityContextPersistenceFilter@77324a58, org.springframework.security.web.header.HeaderWriterFilter@7dbae40, org.springframework.security.web.authentication.logout.LogoutFilter@16f7f59f, org.springframework.security.web.authentication.www.BasicAuthenticationFilter@3be3e76c, org.springframework.security.web.savedrequest.RequestCacheAwareFilter@307cf964, org.springframework.security.web.servletapi.SecurityContextHolderAwareRequestFilter@37ca3ca8, org.springframework.security.web.authentication.AnonymousAuthenticationFilter@aa1bb14, org.springframework.security.web.session.SessionManagementFilter@242ff747, org.springframework.security.web.access.ExceptionTranslationFilter@13f40d71, org.springframework.security.web.access.intercept.FilterSecurityInterceptor@2d22d3b1]
2017-12-26 00:12:09.237  INFO 4064 --- [main] s.w.s.m.m.a.RequestMappingHandlerAdapter : Looking for @ControllerAdvice: org.springframework.boot.context.embedded.AnnotationConfigEmbeddedWebApplicationContext@59d016c9: startup date [Tue Dec 26 00:12:00 MSK 2017]; root of context hierarchy
2017-12-26 00:12:09.307  INFO 4064 --- [main] s.w.s.m.m.a.RequestMappingHandlerMapping : Mapped "{[/user/count],methods=[GET]}" onto public org.springframework.http.HttpEntity<rnd.authentication.dto.response.AbstractResponseDto> rnd.authentication.controller.UserController.userCout()
2017-12-26 00:12:09.309  INFO 4064 --- [main] s.w.s.m.m.a.RequestMappingHandlerMapping : Mapped "{[/user/],methods=[GET]}" onto public org.springframework.http.HttpEntity<rnd.authentication.dto.response.AbstractResponseDto> rnd.authentication.controller.UserController.listAllUsers()
2017-12-26 00:12:09.311  INFO 4064 --- [main] s.w.s.m.m.a.RequestMappingHandlerMapping : Mapped "{[/user/{id}],methods=[GET]}" onto public org.springframework.http.ResponseEntity<rnd.authentication.dto.response.AbstractResponseDto> rnd.authentication.controller.UserController.getUser(long)
2017-12-26 00:12:09.313  INFO 4064 --- [main] s.w.s.m.m.a.RequestMappingHandlerMapping : Mapped "{[/user/],methods=[POST]}" onto public org.springframework.http.ResponseEntity<rnd.authentication.dto.response.AbstractResponseDto> rnd.authentication.controller.UserController.createUser(rnd.authentication.dto.entity.user.AuthenticationDto)
2017-12-26 00:12:09.313  INFO 4064 --- [main] s.w.s.m.m.a.RequestMappingHandlerMapping : Mapped "{[/user/{id}],methods=[PUT]}" onto public org.springframework.http.ResponseEntity<rnd.authentication.dto.response.AbstractResponseDto> rnd.authentication.controller.UserController.updateUser(long,rnd.authentication.dto.entity.user.UserDto)
2017-12-26 00:12:09.314  INFO 4064 --- [main] s.w.s.m.m.a.RequestMappingHandlerMapping : Mapped "{[/user/{id}],methods=[DELETE]}" onto public org.springframework.http.ResponseEntity<rnd.authentication.dto.response.AbstractResponseDto> rnd.authentication.controller.UserController.deleteUser(long)
2017-12-26 00:12:09.315  INFO 4064 --- [main] s.w.s.m.m.a.RequestMappingHandlerMapping : Mapped "{[/user/],methods=[DELETE]}" onto public org.springframework.http.ResponseEntity<rnd.authentication.dto.response.AbstractResponseDto> rnd.authentication.controller.UserController.deleteAllUsers()
2017-12-26 00:12:09.316  INFO 4064 --- [main] s.w.s.m.m.a.RequestMappingHandlerMapping : Mapped "{[/user/profile],methods=[GET]}" onto public org.springframework.http.HttpEntity<rnd.authentication.dto.response.AbstractResponseDto> rnd.authentication.controller.UserController.profileDetail(java.security.Principal)
2017-12-26 00:12:09.319  INFO 4064 --- [main] s.w.s.m.m.a.RequestMappingHandlerMapping : Mapped "{[/error]}" onto public org.springframework.http.ResponseEntity<java.util.Map<java.lang.String, java.lang.Object>> org.springframework.boot.autoconfigure.web.BasicErrorController.error(javax.servlet.http.HttpServletRequest)
2017-12-26 00:12:09.319  INFO 4064 --- [main] s.w.s.m.m.a.RequestMappingHandlerMapping : Mapped "{[/error],produces=[text/html]}" onto public org.springframework.web.servlet.ModelAndView org.springframework.boot.autoconfigure.web.BasicErrorController.errorHtml(javax.servlet.http.HttpServletRequest,javax.servlet.http.HttpServletResponse)
2017-12-26 00:12:09.411  INFO 4064 --- [main] o.s.w.s.handler.SimpleUrlHandlerMapping  : Mapped URL path [/webjars/**] onto handler of type [class org.springframework.web.servlet.resource.ResourceHttpRequestHandler]
2017-12-26 00:12:09.411  INFO 4064 --- [main] o.s.w.s.handler.SimpleUrlHandlerMapping  : Mapped URL path [/**] onto handler of type [class org.springframework.web.servlet.resource.ResourceHttpRequestHandler]
2017-12-26 00:12:09.463  INFO 4064 --- [main] o.s.w.s.handler.SimpleUrlHandlerMapping  : Mapped URL path [/**/favicon.ico] onto handler of type [class org.springframework.web.servlet.resource.ResourceHttpRequestHandler]
2017-12-26 00:12:09.768  INFO 4064 --- [main] o.s.j.e.a.AnnotationMBeanExporter        : Registering beans for JMX exposure on startup
2017-12-26 00:12:09.827  INFO 4064 --- [main] s.b.c.e.t.TomcatEmbeddedServletContainer : Tomcat started on port(s): 8080 (http)
2017-12-26 00:12:09.834  INFO 4064 --- [main] r.a.AuthenticationApplication            : Started AuthenticationApplication in 10.791 seconds (JVM running for 12.4)
2017-12-26 00:13:53.908  INFO 4064 --- [http-nio-8080-exec-1] o.a.c.c.C.[Tomcat].[localhost].[/]       : Initializing Spring FrameworkServlet 'dispatcherServlet'
2017-12-26 00:13:53.909  INFO 4064 --- [http-nio-8080-exec-1] o.s.web.servlet.DispatcherServlet        : FrameworkServlet 'dispatcherServlet': initialization started
2017-12-26 00:13:53.967  INFO 4064 --- [http-nio-8080-exec-1] o.s.web.servlet.DispatcherServlet        : FrameworkServlet 'dispatcherServlet': initialization completed in 58 ms
2017-12-26 00:19:30.414  INFO 5536 --- [main] r.a.AuthenticationApplication            : Starting AuthenticationApplication on home-pc with PID 5536 (C:\Users\user\Desktop\PhoneBook\JavaServices\authentication\out\production\classes started by user in C:\Users\user\Desktop\PhoneBook\JavaServices\projects)
2017-12-26 00:19:30.424  INFO 5536 --- [main] r.a.AuthenticationApplication            : No active profile set, falling back to default profiles: default
2017-12-26 00:19:30.561  INFO 5536 --- [main] ationConfigEmbeddedWebApplicationContext : Refreshing org.springframework.boot.context.embedded.AnnotationConfigEmbeddedWebApplicationContext@a37aefe: startup date [Tue Dec 26 00:19:30 MSK 2017]; root of context hierarchy
2017-12-26 00:19:35.983  INFO 5536 --- [main] trationDelegate$BeanPostProcessorChecker : Bean 'org.springframework.transaction.annotation.ProxyTransactionManagementConfiguration' of type [class org.springframework.transaction.annotation.ProxyTransactionManagementConfiguration$$EnhancerBySpringCGLIB$$b22e6abb] is not eligible for getting processed by all BeanPostProcessors (for example: not eligible for auto-proxying)
2017-12-26 00:19:37.845  INFO 5536 --- [main] s.b.c.e.t.TomcatEmbeddedServletContainer : Tomcat initialized with port(s): 8080 (http)
2017-12-26 00:19:38.007  INFO 5536 --- [main] o.apache.catalina.core.StandardService   : Starting service Tomcat
2017-12-26 00:19:38.010  INFO 5536 --- [main] org.apache.catalina.core.StandardEngine  : Starting Servlet Engine: Apache Tomcat/8.5.6
2017-12-26 00:19:38.478  INFO 13876 --- [main] r.a.AuthenticationApplication            : Starting AuthenticationApplication on home-pc with PID 13876 (C:\Users\user\Desktop\PhoneBook\JavaServices\authentication\out\production\classes started by user in C:\Users\user\Desktop\PhoneBook\JavaServices\projects)
2017-12-26 00:19:38.482  INFO 13876 --- [main] r.a.AuthenticationApplication            : No active profile set, falling back to default profiles: default
2017-12-26 00:19:38.709  INFO 13876 --- [main] ationConfigEmbeddedWebApplicationContext : Refreshing org.springframework.boot.context.embedded.AnnotationConfigEmbeddedWebApplicationContext@59d016c9: startup date [Tue Dec 26 00:19:38 MSK 2017]; root of context hierarchy
2017-12-26 00:19:40.452  INFO 5536 --- [localhost-startStop-1] o.a.c.c.C.[Tomcat].[localhost].[/]       : Initializing Spring embedded WebApplicationContext
2017-12-26 00:19:40.476  INFO 5536 --- [localhost-startStop-1] o.s.web.context.ContextLoader            : Root WebApplicationContext: initialization completed in 9923 ms
2017-12-26 00:19:41.211  INFO 5536 --- [localhost-startStop-1] o.s.b.w.servlet.FilterRegistrationBean   : Mapping filter: 'characterEncodingFilter' to: [/*]
2017-12-26 00:19:41.216  INFO 5536 --- [localhost-startStop-1] o.s.b.w.servlet.FilterRegistrationBean   : Mapping filter: 'hiddenHttpMethodFilter' to: [/*]
2017-12-26 00:19:41.216  INFO 5536 --- [localhost-startStop-1] o.s.b.w.servlet.FilterRegistrationBean   : Mapping filter: 'httpPutFormContentFilter' to: [/*]
2017-12-26 00:19:41.220  INFO 5536 --- [localhost-startStop-1] o.s.b.w.servlet.FilterRegistrationBean   : Mapping filter: 'requestContextFilter' to: [/*]
2017-12-26 00:19:41.225  INFO 5536 --- [localhost-startStop-1] .s.DelegatingFilterProxyRegistrationBean : Mapping filter: 'springSecurityFilterChain' to: [/*]
2017-12-26 00:19:41.226  INFO 5536 --- [localhost-startStop-1] o.s.b.w.servlet.ServletRegistrationBean  : Mapping servlet: 'dispatcherServlet' to [/]
2017-12-26 00:19:42.196  INFO 5536 --- [main] j.LocalContainerEntityManagerFactoryBean : Building JPA container EntityManagerFactory for persistence unit 'default'
2017-12-26 00:19:42.232  INFO 5536 --- [main] o.hibernate.jpa.internal.util.LogHelper  : HHH000204: Processing PersistenceUnitInfo [
	name: default
	...]
2017-12-26 00:19:42.555  INFO 5536 --- [main] org.hibernate.Version                    : HHH000412: Hibernate Core {5.0.11.Final}
2017-12-26 00:19:42.560  INFO 5536 --- [main] org.hibernate.cfg.Environment            : HHH000206: hibernate.properties not found
2017-12-26 00:19:42.562  INFO 5536 --- [main] org.hibernate.cfg.Environment            : HHH000021: Bytecode provider name : javassist
2017-12-26 00:19:42.844  INFO 5536 --- [main] o.hibernate.annotations.common.Version   : HCANN000001: Hibernate Commons Annotations {5.0.1.Final}
2017-12-26 00:19:43.825  INFO 13876 --- [main] trationDelegate$BeanPostProcessorChecker : Bean 'org.springframework.transaction.annotation.ProxyTransactionManagementConfiguration' of type [class org.springframework.transaction.annotation.ProxyTransactionManagementConfiguration$$EnhancerBySpringCGLIB$$cb3f6d22] is not eligible for getting processed by all BeanPostProcessors (for example: not eligible for auto-proxying)
2017-12-26 00:19:45.075  INFO 13876 --- [main] s.b.c.e.t.TomcatEmbeddedServletContainer : Tomcat initialized with port(s): 8080 (http)
2017-12-26 00:19:45.094  INFO 13876 --- [main] o.apache.catalina.core.StandardService   : Starting service Tomcat
2017-12-26 00:19:45.097  INFO 13876 --- [main] org.apache.catalina.core.StandardEngine  : Starting Servlet Engine: Apache Tomcat/8.5.6
2017-12-26 00:19:45.581  INFO 13876 --- [localhost-startStop-1] o.a.c.c.C.[Tomcat].[localhost].[/]       : Initializing Spring embedded WebApplicationContext
2017-12-26 00:19:45.582  INFO 13876 --- [localhost-startStop-1] o.s.web.context.ContextLoader            : Root WebApplicationContext: initialization completed in 6878 ms
2017-12-26 00:19:45.981  INFO 13876 --- [localhost-startStop-1] o.s.b.w.servlet.FilterRegistrationBean   : Mapping filter: 'characterEncodingFilter' to: [/*]
2017-12-26 00:19:45.983  INFO 13876 --- [localhost-startStop-1] o.s.b.w.servlet.FilterRegistrationBean   : Mapping filter: 'hiddenHttpMethodFilter' to: [/*]
2017-12-26 00:19:45.983  INFO 13876 --- [localhost-startStop-1] o.s.b.w.servlet.FilterRegistrationBean   : Mapping filter: 'httpPutFormContentFilter' to: [/*]
2017-12-26 00:19:45.988  INFO 13876 --- [localhost-startStop-1] o.s.b.w.servlet.FilterRegistrationBean   : Mapping filter: 'requestContextFilter' to: [/*]
2017-12-26 00:19:45.990  INFO 13876 --- [localhost-startStop-1] .s.DelegatingFilterProxyRegistrationBean : Mapping filter: 'springSecurityFilterChain' to: [/*]
2017-12-26 00:19:45.991  INFO 13876 --- [localhost-startStop-1] o.s.b.w.servlet.ServletRegistrationBean  : Mapping servlet: 'dispatcherServlet' to [/]
2017-12-26 00:19:46.731  INFO 13876 --- [main] j.LocalContainerEntityManagerFactoryBean : Building JPA container EntityManagerFactory for persistence unit 'default'
2017-12-26 00:19:46.771  INFO 13876 --- [main] o.hibernate.jpa.internal.util.LogHelper  : HHH000204: Processing PersistenceUnitInfo [
	name: default
	...]
2017-12-26 00:19:47.061  INFO 13876 --- [main] org.hibernate.Version                    : HHH000412: Hibernate Core {5.0.11.Final}
2017-12-26 00:19:47.067  INFO 13876 --- [main] org.hibernate.cfg.Environment            : HHH000206: hibernate.properties not found
2017-12-26 00:19:47.092  INFO 13876 --- [main] org.hibernate.cfg.Environment            : HHH000021: Bytecode provider name : javassist
2017-12-26 00:19:47.244  INFO 13876 --- [main] o.hibernate.annotations.common.Version   : HCANN000001: Hibernate Commons Annotations {5.0.1.Final}
2017-12-26 00:19:48.402  INFO 5536 --- [main] org.hibernate.dialect.Dialect            : HHH000400: Using dialect: org.hibernate.dialect.MySQL5Dialect
2017-12-26 00:19:48.543  INFO 5536 --- [main] o.h.e.j.e.i.LobCreatorBuilderImpl        : HHH000423: Disabling contextual LOB creation as JDBC driver reported JDBC version [3] less than 4
2017-12-26 00:19:48.854  INFO 13876 --- [main] org.hibernate.dialect.Dialect            : HHH000400: Using dialect: org.hibernate.dialect.MySQL5Dialect
2017-12-26 00:19:48.913  INFO 13876 --- [main] o.h.e.j.e.i.LobCreatorBuilderImpl        : HHH000423: Disabling contextual LOB creation as JDBC driver reported JDBC version [3] less than 4
2017-12-26 00:19:50.342  INFO 13876 --- [main] org.hibernate.tool.hbm2ddl.SchemaUpdate  : HHH000228: Running hbm2ddl schema update
2017-12-26 00:19:50.638  INFO 5536 --- [main] org.hibernate.tool.hbm2ddl.SchemaUpdate  : HHH000228: Running hbm2ddl schema update
2017-12-26 00:19:50.899  INFO 13876 --- [main] j.LocalContainerEntityManagerFactoryBean : Initialized JPA EntityManagerFactory for persistence unit 'default'
2017-12-26 00:19:50.911  INFO 5536 --- [main] j.LocalContainerEntityManagerFactoryBean : Initialized JPA EntityManagerFactory for persistence unit 'default'
2017-12-26 00:19:52.602  INFO 13876 --- [main] o.s.s.web.DefaultSecurityFilterChain     : Creating filter chain: org.springframework.security.web.util.matcher.AnyRequestMatcher@1, [org.springframework.security.web.context.request.async.WebAsyncManagerIntegrationFilter@72af90e8, org.springframework.security.web.context.SecurityContextPersistenceFilter@77324a58, org.springframework.security.web.header.HeaderWriterFilter@7dbae40, org.springframework.security.web.authentication.logout.LogoutFilter@16f7f59f, org.springframework.security.web.authentication.www.BasicAuthenticationFilter@3be3e76c, org.springframework.security.web.savedrequest.RequestCacheAwareFilter@307cf964, org.springframework.security.web.servletapi.SecurityContextHolderAwareRequestFilter@37ca3ca8, org.springframework.security.web.authentication.AnonymousAuthenticationFilter@aa1bb14, org.springframework.security.web.session.SessionManagementFilter@242ff747, org.springframework.security.web.access.ExceptionTranslationFilter@13f40d71, org.springframework.security.web.access.intercept.FilterSecurityInterceptor@2d22d3b1]
2017-12-26 00:19:52.875  INFO 13876 --- [main] s.w.s.m.m.a.RequestMappingHandlerAdapter : Looking for @ControllerAdvice: org.springframework.boot.context.embedded.AnnotationConfigEmbeddedWebApplicationContext@59d016c9: startup date [Tue Dec 26 00:19:38 MSK 2017]; root of context hierarchy
2017-12-26 00:19:53.081  INFO 13876 --- [main] s.w.s.m.m.a.RequestMappingHandlerMapping : Mapped "{[/user/],methods=[POST]}" onto public org.springframework.http.ResponseEntity<rnd.authentication.dto.response.AbstractResponseDto> rnd.authentication.controller.UserController.createUser(rnd.authentication.dto.entity.user.AuthenticationDto)
2017-12-26 00:19:53.084  INFO 13876 --- [main] s.w.s.m.m.a.RequestMappingHandlerMapping : Mapped "{[/user/{id}],methods=[PUT]}" onto public org.springframework.http.ResponseEntity<rnd.authentication.dto.response.AbstractResponseDto> rnd.authentication.controller.UserController.updateUser(long,rnd.authentication.dto.entity.user.UserDto)
2017-12-26 00:19:53.084  INFO 13876 --- [main] s.w.s.m.m.a.RequestMappingHandlerMapping : Mapped "{[/user/],methods=[DELETE]}" onto public org.springframework.http.ResponseEntity<rnd.authentication.dto.response.AbstractResponseDto> rnd.authentication.controller.UserController.deleteAllUsers()
2017-12-26 00:19:53.086  INFO 13876 --- [main] s.w.s.m.m.a.RequestMappingHandlerMapping : Mapped "{[/user/profile],methods=[GET]}" onto public org.springframework.http.HttpEntity<rnd.authentication.dto.response.AbstractResponseDto> rnd.authentication.controller.UserController.profileDetail(java.security.Principal)
2017-12-26 00:19:53.087  INFO 13876 --- [main] s.w.s.m.m.a.RequestMappingHandlerMapping : Mapped "{[/user/{id}],methods=[DELETE]}" onto public org.springframework.http.ResponseEntity<rnd.authentication.dto.response.AbstractResponseDto> rnd.authentication.controller.UserController.deleteUser(long)
2017-12-26 00:19:53.089  INFO 13876 --- [main] s.w.s.m.m.a.RequestMappingHandlerMapping : Mapped "{[/user/{id}],methods=[GET]}" onto public org.springframework.http.ResponseEntity<rnd.authentication.dto.response.AbstractResponseDto> rnd.authentication.controller.UserController.getUser(long)
2017-12-26 00:19:53.089  INFO 13876 --- [main] s.w.s.m.m.a.RequestMappingHandlerMapping : Mapped "{[/user/count],methods=[GET]}" onto public org.springframework.http.HttpEntity<rnd.authentication.dto.response.AbstractResponseDto> rnd.authentication.controller.UserController.userCout()
2017-12-26 00:19:53.089  INFO 13876 --- [main] s.w.s.m.m.a.RequestMappingHandlerMapping : Mapped "{[/user/],methods=[GET]}" onto public org.springframework.http.HttpEntity<rnd.authentication.dto.response.AbstractResponseDto> rnd.authentication.controller.UserController.listAllUsers()
2017-12-26 00:19:53.097  INFO 13876 --- [main] s.w.s.m.m.a.RequestMappingHandlerMapping : Mapped "{[/error]}" onto public org.springframework.http.ResponseEntity<java.util.Map<java.lang.String, java.lang.Object>> org.springframework.boot.autoconfigure.web.BasicErrorController.error(javax.servlet.http.HttpServletRequest)
2017-12-26 00:19:53.097  INFO 13876 --- [main] s.w.s.m.m.a.RequestMappingHandlerMapping : Mapped "{[/error],produces=[text/html]}" onto public org.springframework.web.servlet.ModelAndView org.springframework.boot.autoconfigure.web.BasicErrorController.errorHtml(javax.servlet.http.HttpServletRequest,javax.servlet.http.HttpServletResponse)
2017-12-26 00:19:53.182  INFO 13876 --- [main] o.s.w.s.handler.SimpleUrlHandlerMapping  : Mapped URL path [/webjars/**] onto handler of type [class org.springframework.web.servlet.resource.ResourceHttpRequestHandler]
2017-12-26 00:19:53.182  INFO 13876 --- [main] o.s.w.s.handler.SimpleUrlHandlerMapping  : Mapped URL path [/**] onto handler of type [class org.springframework.web.servlet.resource.ResourceHttpRequestHandler]
2017-12-26 00:19:53.195  INFO 5536 --- [main] o.s.s.web.DefaultSecurityFilterChain     : Creating filter chain: org.springframework.security.web.util.matcher.AnyRequestMatcher@1, [org.springframework.security.web.context.request.async.WebAsyncManagerIntegrationFilter@5dce5c03, org.springframework.security.web.context.SecurityContextPersistenceFilter@33891646, org.springframework.security.web.header.HeaderWriterFilter@4e61a863, org.springframework.security.web.authentication.logout.LogoutFilter@32e7b78d, org.springframework.security.web.authentication.www.BasicAuthenticationFilter@474619d9, org.springframework.security.web.savedrequest.RequestCacheAwareFilter@f2becb2, org.springframework.security.web.servletapi.SecurityContextHolderAwareRequestFilter@71f29d91, org.springframework.security.web.authentication.AnonymousAuthenticationFilter@b76b7d8, org.springframework.security.web.session.SessionManagementFilter@413eaf5d, org.springframework.security.web.access.ExceptionTranslationFilter@7b9c2387, org.springframework.security.web.access.intercept.FilterSecurityInterceptor@37fca349]
2017-12-26 00:19:53.350  INFO 13876 --- [main] o.s.w.s.handler.SimpleUrlHandlerMapping  : Mapped URL path [/**/favicon.ico] onto handler of type [class org.springframework.web.servlet.resource.ResourceHttpRequestHandler]
2017-12-26 00:19:53.529  INFO 5536 --- [main] s.w.s.m.m.a.RequestMappingHandlerAdapter : Looking for @ControllerAdvice: org.springframework.boot.context.embedded.AnnotationConfigEmbeddedWebApplicationContext@a37aefe: startup date [Tue Dec 26 00:19:30 MSK 2017]; root of context hierarchy
2017-12-26 00:19:53.752  INFO 5536 --- [main] s.w.s.m.m.a.RequestMappingHandlerMapping : Mapped "{[/user/profile],methods=[GET]}" onto public org.springframework.http.HttpEntity<rnd.authentication.dto.response.AbstractResponseDto> rnd.authentication.controller.UserController.profileDetail(java.security.Principal)
2017-12-26 00:19:53.754  INFO 5536 --- [main] s.w.s.m.m.a.RequestMappingHandlerMapping : Mapped "{[/user/count],methods=[GET]}" onto public org.springframework.http.HttpEntity<rnd.authentication.dto.response.AbstractResponseDto> rnd.authentication.controller.UserController.userCout()
2017-12-26 00:19:53.757  INFO 5536 --- [main] s.w.s.m.m.a.RequestMappingHandlerMapping : Mapped "{[/user/],methods=[POST]}" onto public org.springframework.http.ResponseEntity<rnd.authentication.dto.response.AbstractResponseDto> rnd.authentication.controller.UserController.createUser(rnd.authentication.dto.entity.user.AuthenticationDto)
2017-12-26 00:19:53.760  INFO 5536 --- [main] s.w.s.m.m.a.RequestMappingHandlerMapping : Mapped "{[/user/{id}],methods=[GET]}" onto public org.springframework.http.ResponseEntity<rnd.authentication.dto.response.AbstractResponseDto> rnd.authentication.controller.UserController.getUser(long)
2017-12-26 00:19:53.761  INFO 5536 --- [main] s.w.s.m.m.a.RequestMappingHandlerMapping : Mapped "{[/user/],methods=[GET]}" onto public org.springframework.http.HttpEntity<rnd.authentication.dto.response.AbstractResponseDto> rnd.authentication.controller.UserController.listAllUsers()
2017-12-26 00:19:53.769  INFO 5536 --- [main] s.w.s.m.m.a.RequestMappingHandlerMapping : Mapped "{[/user/{id}],methods=[DELETE]}" onto public org.springframework.http.ResponseEntity<rnd.authentication.dto.response.AbstractResponseDto> rnd.authentication.controller.UserController.deleteUser(long)
2017-12-26 00:19:53.771  INFO 5536 --- [main] s.w.s.m.m.a.RequestMappingHandlerMapping : Mapped "{[/user/{id}],methods=[PUT]}" onto public org.springframework.http.ResponseEntity<rnd.authentication.dto.response.AbstractResponseDto> rnd.authentication.controller.UserController.updateUser(long,rnd.authentication.dto.entity.user.UserDto)
2017-12-26 00:19:53.772  INFO 5536 --- [main] s.w.s.m.m.a.RequestMappingHandlerMapping : Mapped "{[/user/],methods=[DELETE]}" onto public org.springframework.http.ResponseEntity<rnd.authentication.dto.response.AbstractResponseDto> rnd.authentication.controller.UserController.deleteAllUsers()
2017-12-26 00:19:53.780  INFO 5536 --- [main] s.w.s.m.m.a.RequestMappingHandlerMapping : Mapped "{[/error]}" onto public org.springframework.http.ResponseEntity<java.util.Map<java.lang.String, java.lang.Object>> org.springframework.boot.autoconfigure.web.BasicErrorController.error(javax.servlet.http.HttpServletRequest)
2017-12-26 00:19:53.781  INFO 5536 --- [main] s.w.s.m.m.a.RequestMappingHandlerMapping : Mapped "{[/error],produces=[text/html]}" onto public org.springframework.web.servlet.ModelAndView org.springframework.boot.autoconfigure.web.BasicErrorController.errorHtml(javax.servlet.http.HttpServletRequest,javax.servlet.http.HttpServletResponse)
2017-12-26 00:19:53.903  INFO 5536 --- [main] o.s.w.s.handler.SimpleUrlHandlerMapping  : Mapped URL path [/webjars/**] onto handler of type [class org.springframework.web.servlet.resource.ResourceHttpRequestHandler]
2017-12-26 00:19:53.904  INFO 5536 --- [main] o.s.w.s.handler.SimpleUrlHandlerMapping  : Mapped URL path [/**] onto handler of type [class org.springframework.web.servlet.resource.ResourceHttpRequestHandler]
2017-12-26 00:19:54.022  INFO 13876 --- [main] o.s.j.e.a.AnnotationMBeanExporter        : Registering beans for JMX exposure on startup
2017-12-26 00:19:54.046  INFO 5536 --- [main] o.s.w.s.handler.SimpleUrlHandlerMapping  : Mapped URL path [/**/favicon.ico] onto handler of type [class org.springframework.web.servlet.resource.ResourceHttpRequestHandler]
2017-12-26 00:19:54.197  INFO 13876 --- [main] s.b.c.e.t.TomcatEmbeddedServletContainer : Tomcat started on port(s): 8080 (http)
2017-12-26 00:19:54.207  INFO 13876 --- [main] r.a.AuthenticationApplication            : Started AuthenticationApplication in 17.034 seconds (JVM running for 19.834)
2017-12-26 00:19:55.070  INFO 5536 --- [main] o.s.j.e.a.AnnotationMBeanExporter        : Registering beans for JMX exposure on startup
2017-12-26 00:19:55.163 ERROR 5536 --- [main] o.a.coyote.http11.Http11NioProtocol      : Failed to start end point associated with ProtocolHandler [http-nio-8080]

java.net.BindException: Address already in use: bind
	at sun.nio.ch.Net.bind0(Native Method) ~[na:1.8.0_151]
	at sun.nio.ch.Net.bind(Net.java:433) ~[na:1.8.0_151]
	at sun.nio.ch.Net.bind(Net.java:425) ~[na:1.8.0_151]
	at sun.nio.ch.ServerSocketChannelImpl.bind(ServerSocketChannelImpl.java:223) ~[na:1.8.0_151]
	at sun.nio.ch.ServerSocketAdaptor.bind(ServerSocketAdaptor.java:74) ~[na:1.8.0_151]
	at org.apache.tomcat.util.net.NioEndpoint.bind(NioEndpoint.java:228) ~[tomcat-embed-core-8.5.6.jar:8.5.6]
	at org.apache.tomcat.util.net.AbstractEndpoint.start(AbstractEndpoint.java:874) ~[tomcat-embed-core-8.5.6.jar:8.5.6]
	at org.apache.coyote.AbstractProtocol.start(AbstractProtocol.java:590) ~[tomcat-embed-core-8.5.6.jar:8.5.6]
	at org.apache.catalina.connector.Connector.startInternal(Connector.java:969) [tomcat-embed-core-8.5.6.jar:8.5.6]
	at org.apache.catalina.util.LifecycleBase.start(LifecycleBase.java:150) [tomcat-embed-core-8.5.6.jar:8.5.6]
	at org.apache.catalina.core.StandardService.addConnector(StandardService.java:225) [tomcat-embed-core-8.5.6.jar:8.5.6]
	at org.springframework.boot.context.embedded.tomcat.TomcatEmbeddedServletContainer.addPreviouslyRemovedConnectors(TomcatEmbeddedServletContainer.java:233) [spring-boot-1.4.3.RELEASE.jar:1.4.3.RELEASE]
	at org.springframework.boot.context.embedded.tomcat.TomcatEmbeddedServletContainer.start(TomcatEmbeddedServletContainer.java:178) [spring-boot-1.4.3.RELEASE.jar:1.4.3.RELEASE]
	at org.springframework.boot.context.embedded.EmbeddedWebApplicationContext.startEmbeddedServletContainer(EmbeddedWebApplicationContext.java:297) [spring-boot-1.4.3.RELEASE.jar:1.4.3.RELEASE]
	at org.springframework.boot.context.embedded.EmbeddedWebApplicationContext.finishRefresh(EmbeddedWebApplicationContext.java:145) [spring-boot-1.4.3.RELEASE.jar:1.4.3.RELEASE]
	at org.springframework.context.support.AbstractApplicationContext.refresh(AbstractApplicationContext.java:545) [spring-context-4.3.5.RELEASE.jar:4.3.5.RELEASE]
	at org.springframework.boot.context.embedded.EmbeddedWebApplicationContext.refresh(EmbeddedWebApplicationContext.java:122) [spring-boot-1.4.3.RELEASE.jar:1.4.3.RELEASE]
	at org.springframework.boot.SpringApplication.refresh(SpringApplication.java:761) [spring-boot-1.4.3.RELEASE.jar:1.4.3.RELEASE]
	at org.springframework.boot.SpringApplication.refreshContext(SpringApplication.java:371) [spring-boot-1.4.3.RELEASE.jar:1.4.3.RELEASE]
	at org.springframework.boot.SpringApplication.run(SpringApplication.java:315) [spring-boot-1.4.3.RELEASE.jar:1.4.3.RELEASE]
	at org.springframework.boot.SpringApplication.run(SpringApplication.java:1186) [spring-boot-1.4.3.RELEASE.jar:1.4.3.RELEASE]
	at org.springframework.boot.SpringApplication.run(SpringApplication.java:1175) [spring-boot-1.4.3.RELEASE.jar:1.4.3.RELEASE]
	at rnd.authentication.AuthenticationApplication.main(AuthenticationApplication.java:10) [classes/:na]

2017-12-26 00:19:55.167 ERROR 5536 --- [main] o.apache.catalina.core.StandardService   : Failed to start connector [Connector[HTTP/1.1-8080]]

org.apache.catalina.LifecycleException: Failed to start component [Connector[HTTP/1.1-8080]]
	at org.apache.catalina.util.LifecycleBase.start(LifecycleBase.java:167) ~[tomcat-embed-core-8.5.6.jar:8.5.6]
	at org.apache.catalina.core.StandardService.addConnector(StandardService.java:225) ~[tomcat-embed-core-8.5.6.jar:8.5.6]
	at org.springframework.boot.context.embedded.tomcat.TomcatEmbeddedServletContainer.addPreviouslyRemovedConnectors(TomcatEmbeddedServletContainer.java:233) [spring-boot-1.4.3.RELEASE.jar:1.4.3.RELEASE]
	at org.springframework.boot.context.embedded.tomcat.TomcatEmbeddedServletContainer.start(TomcatEmbeddedServletContainer.java:178) [spring-boot-1.4.3.RELEASE.jar:1.4.3.RELEASE]
	at org.springframework.boot.context.embedded.EmbeddedWebApplicationContext.startEmbeddedServletContainer(EmbeddedWebApplicationContext.java:297) [spring-boot-1.4.3.RELEASE.jar:1.4.3.RELEASE]
	at org.springframework.boot.context.embedded.EmbeddedWebApplicationContext.finishRefresh(EmbeddedWebApplicationContext.java:145) [spring-boot-1.4.3.RELEASE.jar:1.4.3.RELEASE]
	at org.springframework.context.support.AbstractApplicationContext.refresh(AbstractApplicationContext.java:545) [spring-context-4.3.5.RELEASE.jar:4.3.5.RELEASE]
	at org.springframework.boot.context.embedded.EmbeddedWebApplicationContext.refresh(EmbeddedWebApplicationContext.java:122) [spring-boot-1.4.3.RELEASE.jar:1.4.3.RELEASE]
	at org.springframework.boot.SpringApplication.refresh(SpringApplication.java:761) [spring-boot-1.4.3.RELEASE.jar:1.4.3.RELEASE]
	at org.springframework.boot.SpringApplication.refreshContext(SpringApplication.java:371) [spring-boot-1.4.3.RELEASE.jar:1.4.3.RELEASE]
	at org.springframework.boot.SpringApplication.run(SpringApplication.java:315) [spring-boot-1.4.3.RELEASE.jar:1.4.3.RELEASE]
	at org.springframework.boot.SpringApplication.run(SpringApplication.java:1186) [spring-boot-1.4.3.RELEASE.jar:1.4.3.RELEASE]
	at org.springframework.boot.SpringApplication.run(SpringApplication.java:1175) [spring-boot-1.4.3.RELEASE.jar:1.4.3.RELEASE]
	at rnd.authentication.AuthenticationApplication.main(AuthenticationApplication.java:10) [classes/:na]
Caused by: org.apache.catalina.LifecycleException: service.getName(): "Tomcat";  Protocol handler start failed
	at org.apache.catalina.connector.Connector.startInternal(Connector.java:976) ~[tomcat-embed-core-8.5.6.jar:8.5.6]
	at org.apache.catalina.util.LifecycleBase.start(LifecycleBase.java:150) ~[tomcat-embed-core-8.5.6.jar:8.5.6]
	... 13 common frames omitted
Caused by: java.net.BindException: Address already in use: bind
	at sun.nio.ch.Net.bind0(Native Method) ~[na:1.8.0_151]
	at sun.nio.ch.Net.bind(Net.java:433) ~[na:1.8.0_151]
	at sun.nio.ch.Net.bind(Net.java:425) ~[na:1.8.0_151]
	at sun.nio.ch.ServerSocketChannelImpl.bind(ServerSocketChannelImpl.java:223) ~[na:1.8.0_151]
	at sun.nio.ch.ServerSocketAdaptor.bind(ServerSocketAdaptor.java:74) ~[na:1.8.0_151]
	at org.apache.tomcat.util.net.NioEndpoint.bind(NioEndpoint.java:228) ~[tomcat-embed-core-8.5.6.jar:8.5.6]
	at org.apache.tomcat.util.net.AbstractEndpoint.start(AbstractEndpoint.java:874) ~[tomcat-embed-core-8.5.6.jar:8.5.6]
	at org.apache.coyote.AbstractProtocol.start(AbstractProtocol.java:590) ~[tomcat-embed-core-8.5.6.jar:8.5.6]
	at org.apache.catalina.connector.Connector.startInternal(Connector.java:969) ~[tomcat-embed-core-8.5.6.jar:8.5.6]
	... 14 common frames omitted

2017-12-26 00:19:55.182  INFO 5536 --- [main] o.apache.catalina.core.StandardService   : Stopping service Tomcat
2017-12-26 00:19:55.212  INFO 5536 --- [main] utoConfigurationReportLoggingInitializer : 

Error starting ApplicationContext. To display the auto-configuration report re-run your application with 'debug' enabled.
2017-12-26 00:19:55.229 ERROR 5536 --- [main] o.s.b.d.LoggingFailureAnalysisReporter   : 

***************************
APPLICATION FAILED TO START
***************************

Description:

The Tomcat connector configured to listen on port 8080 failed to start. The port may already be in use or the connector may be misconfigured.

Action:

Verify the connector's configuration, identify and stop any process that's listening on port 8080, or configure this application to listen on another port.

2017-12-26 00:19:55.300  INFO 5536 --- [main] ationConfigEmbeddedWebApplicationContext : Closing org.springframework.boot.context.embedded.AnnotationConfigEmbeddedWebApplicationContext@a37aefe: startup date [Tue Dec 26 00:19:30 MSK 2017]; root of context hierarchy
2017-12-26 00:19:55.302  INFO 5536 --- [main] o.s.j.e.a.AnnotationMBeanExporter        : Unregistering JMX-exposed beans on shutdown
2017-12-26 00:19:55.305  INFO 5536 --- [main] j.LocalContainerEntityManagerFactoryBean : Closing JPA EntityManagerFactory for persistence unit 'default'
2017-12-26 00:20:29.179  INFO 13876 --- [http-nio-8080-exec-2] o.a.c.c.C.[Tomcat].[localhost].[/]       : Initializing Spring FrameworkServlet 'dispatcherServlet'
2017-12-26 00:20:29.180  INFO 13876 --- [http-nio-8080-exec-2] o.s.web.servlet.DispatcherServlet        : FrameworkServlet 'dispatcherServlet': initialization started
2017-12-26 00:20:29.218  INFO 13876 --- [http-nio-8080-exec-2] o.s.web.servlet.DispatcherServlet        : FrameworkServlet 'dispatcherServlet': initialization completed in 38 ms
2017-12-26 00:23:32.880  INFO 11588 --- [main] r.a.AuthenticationApplication            : Starting AuthenticationApplication on home-pc with PID 11588 (C:\Users\user\Desktop\PhoneBook\JavaServices\authentication\out\production\classes started by user in C:\Users\user\Desktop\PhoneBook\JavaServices\projects)
2017-12-26 00:23:32.885  INFO 11588 --- [main] r.a.AuthenticationApplication            : No active profile set, falling back to default profiles: default
2017-12-26 00:23:33.024  INFO 11588 --- [main] ationConfigEmbeddedWebApplicationContext : Refreshing org.springframework.boot.context.embedded.AnnotationConfigEmbeddedWebApplicationContext@59d016c9: startup date [Tue Dec 26 00:23:33 MSK 2017]; root of context hierarchy
2017-12-26 00:23:38.108  INFO 11588 --- [main] trationDelegate$BeanPostProcessorChecker : Bean 'org.springframework.transaction.annotation.ProxyTransactionManagementConfiguration' of type [class org.springframework.transaction.annotation.ProxyTransactionManagementConfiguration$$EnhancerBySpringCGLIB$$cb3f6d22] is not eligible for getting processed by all BeanPostProcessors (for example: not eligible for auto-proxying)
2017-12-26 00:23:39.672  INFO 11588 --- [main] s.b.c.e.t.TomcatEmbeddedServletContainer : Tomcat initialized with port(s): 8080 (http)
2017-12-26 00:23:39.698  INFO 11588 --- [main] o.apache.catalina.core.StandardService   : Starting service Tomcat
2017-12-26 00:23:39.709  INFO 11588 --- [main] org.apache.catalina.core.StandardEngine  : Starting Servlet Engine: Apache Tomcat/8.5.6
2017-12-26 00:23:40.060  INFO 11588 --- [localhost-startStop-1] o.a.c.c.C.[Tomcat].[localhost].[/]       : Initializing Spring embedded WebApplicationContext
2017-12-26 00:23:40.124  INFO 11588 --- [localhost-startStop-1] o.s.web.context.ContextLoader            : Root WebApplicationContext: initialization completed in 7106 ms
2017-12-26 00:23:40.733  INFO 11588 --- [localhost-startStop-1] o.s.b.w.servlet.FilterRegistrationBean   : Mapping filter: 'characterEncodingFilter' to: [/*]
2017-12-26 00:23:40.749  INFO 11588 --- [localhost-startStop-1] o.s.b.w.servlet.FilterRegistrationBean   : Mapping filter: 'hiddenHttpMethodFilter' to: [/*]
2017-12-26 00:23:40.750  INFO 11588 --- [localhost-startStop-1] o.s.b.w.servlet.FilterRegistrationBean   : Mapping filter: 'httpPutFormContentFilter' to: [/*]
2017-12-26 00:23:40.759  INFO 11588 --- [localhost-startStop-1] o.s.b.w.servlet.FilterRegistrationBean   : Mapping filter: 'requestContextFilter' to: [/*]
2017-12-26 00:23:40.767  INFO 11588 --- [localhost-startStop-1] .s.DelegatingFilterProxyRegistrationBean : Mapping filter: 'springSecurityFilterChain' to: [/*]
2017-12-26 00:23:40.768  INFO 11588 --- [localhost-startStop-1] o.s.b.w.servlet.ServletRegistrationBean  : Mapping servlet: 'dispatcherServlet' to [/]
2017-12-26 00:23:41.424  INFO 11588 --- [main] j.LocalContainerEntityManagerFactoryBean : Building JPA container EntityManagerFactory for persistence unit 'default'
2017-12-26 00:23:41.470  INFO 11588 --- [main] o.hibernate.jpa.internal.util.LogHelper  : HHH000204: Processing PersistenceUnitInfo [
	name: default
	...]
2017-12-26 00:23:41.685  INFO 11588 --- [main] org.hibernate.Version                    : HHH000412: Hibernate Core {5.0.11.Final}
2017-12-26 00:23:41.696  INFO 11588 --- [main] org.hibernate.cfg.Environment            : HHH000206: hibernate.properties not found
2017-12-26 00:23:41.698  INFO 11588 --- [main] org.hibernate.cfg.Environment            : HHH000021: Bytecode provider name : javassist
2017-12-26 00:23:41.873  INFO 11588 --- [main] o.hibernate.annotations.common.Version   : HCANN000001: Hibernate Commons Annotations {5.0.1.Final}
2017-12-26 00:23:43.077  INFO 11588 --- [main] org.hibernate.dialect.Dialect            : HHH000400: Using dialect: org.hibernate.dialect.MySQL5Dialect
2017-12-26 00:23:43.177  INFO 11588 --- [main] o.h.e.j.e.i.LobCreatorBuilderImpl        : HHH000423: Disabling contextual LOB creation as JDBC driver reported JDBC version [3] less than 4
2017-12-26 00:23:44.924  INFO 11588 --- [main] org.hibernate.tool.hbm2ddl.SchemaUpdate  : HHH000228: Running hbm2ddl schema update
2017-12-26 00:23:45.100  INFO 11588 --- [main] j.LocalContainerEntityManagerFactoryBean : Initialized JPA EntityManagerFactory for persistence unit 'default'
2017-12-26 00:23:47.167  INFO 11588 --- [main] o.s.s.web.DefaultSecurityFilterChain     : Creating filter chain: org.springframework.security.web.util.matcher.AnyRequestMatcher@1, [org.springframework.security.web.context.request.async.WebAsyncManagerIntegrationFilter@72af90e8, org.springframework.security.web.context.SecurityContextPersistenceFilter@77324a58, org.springframework.security.web.header.HeaderWriterFilter@7dbae40, org.springframework.security.web.authentication.logout.LogoutFilter@16f7f59f, org.springframework.security.web.authentication.www.BasicAuthenticationFilter@3be3e76c, org.springframework.security.web.savedrequest.RequestCacheAwareFilter@307cf964, org.springframework.security.web.servletapi.SecurityContextHolderAwareRequestFilter@37ca3ca8, org.springframework.security.web.authentication.AnonymousAuthenticationFilter@aa1bb14, org.springframework.security.web.session.SessionManagementFilter@242ff747, org.springframework.security.web.access.ExceptionTranslationFilter@13f40d71, org.springframework.security.web.access.intercept.FilterSecurityInterceptor@2d22d3b1]
2017-12-26 00:23:47.431  INFO 11588 --- [main] s.w.s.m.m.a.RequestMappingHandlerAdapter : Looking for @ControllerAdvice: org.springframework.boot.context.embedded.AnnotationConfigEmbeddedWebApplicationContext@59d016c9: startup date [Tue Dec 26 00:23:33 MSK 2017]; root of context hierarchy
2017-12-26 00:23:47.651  INFO 11588 --- [main] s.w.s.m.m.a.RequestMappingHandlerMapping : Mapped "{[/user/],methods=[POST]}" onto public org.springframework.http.ResponseEntity<rnd.authentication.dto.response.AbstractResponseDto> rnd.authentication.controller.UserController.createUser(rnd.authentication.dto.entity.user.AuthenticationDto)
2017-12-26 00:23:47.663  INFO 11588 --- [main] s.w.s.m.m.a.RequestMappingHandlerMapping : Mapped "{[/user/],methods=[DELETE]}" onto public org.springframework.http.ResponseEntity<rnd.authentication.dto.response.AbstractResponseDto> rnd.authentication.controller.UserController.deleteAllUsers()
2017-12-26 00:23:47.673  INFO 11588 --- [main] s.w.s.m.m.a.RequestMappingHandlerMapping : Mapped "{[/user/{id}],methods=[DELETE]}" onto public org.springframework.http.ResponseEntity<rnd.authentication.dto.response.AbstractResponseDto> rnd.authentication.controller.UserController.deleteUser(long)
2017-12-26 00:23:47.676  INFO 11588 --- [main] s.w.s.m.m.a.RequestMappingHandlerMapping : Mapped "{[/user/count],methods=[GET]}" onto public org.springframework.http.HttpEntity<rnd.authentication.dto.response.AbstractResponseDto> rnd.authentication.controller.UserController.userCout()
2017-12-26 00:23:47.676  INFO 11588 --- [main] s.w.s.m.m.a.RequestMappingHandlerMapping : Mapped "{[/user/profile],methods=[GET]}" onto public org.springframework.http.HttpEntity<rnd.authentication.dto.response.AbstractResponseDto> rnd.authentication.controller.UserController.profileDetail(java.security.Principal)
2017-12-26 00:23:47.698  INFO 11588 --- [main] s.w.s.m.m.a.RequestMappingHandlerMapping : Mapped "{[/user/{id}],methods=[PUT]}" onto public org.springframework.http.ResponseEntity<rnd.authentication.dto.response.AbstractResponseDto> rnd.authentication.controller.UserController.updateUser(long,rnd.authentication.dto.entity.user.UserDto)
2017-12-26 00:23:47.699  INFO 11588 --- [main] s.w.s.m.m.a.RequestMappingHandlerMapping : Mapped "{[/user/],methods=[GET]}" onto public org.springframework.http.HttpEntity<rnd.authentication.dto.response.AbstractResponseDto> rnd.authentication.controller.UserController.listAllUsers()
2017-12-26 00:23:47.700  INFO 11588 --- [main] s.w.s.m.m.a.RequestMappingHandlerMapping : Mapped "{[/user/{id}],methods=[GET]}" onto public org.springframework.http.ResponseEntity<rnd.authentication.dto.response.AbstractResponseDto> rnd.authentication.controller.UserController.getUser(long)
2017-12-26 00:23:47.706  INFO 11588 --- [main] s.w.s.m.m.a.RequestMappingHandlerMapping : Mapped "{[/error]}" onto public org.springframework.http.ResponseEntity<java.util.Map<java.lang.String, java.lang.Object>> org.springframework.boot.autoconfigure.web.BasicErrorController.error(javax.servlet.http.HttpServletRequest)
2017-12-26 00:23:47.707  INFO 11588 --- [main] s.w.s.m.m.a.RequestMappingHandlerMapping : Mapped "{[/error],produces=[text/html]}" onto public org.springframework.web.servlet.ModelAndView org.springframework.boot.autoconfigure.web.BasicErrorController.errorHtml(javax.servlet.http.HttpServletRequest,javax.servlet.http.HttpServletResponse)
2017-12-26 00:23:47.806  INFO 11588 --- [main] o.s.w.s.handler.SimpleUrlHandlerMapping  : Mapped URL path [/webjars/**] onto handler of type [class org.springframework.web.servlet.resource.ResourceHttpRequestHandler]
2017-12-26 00:23:48.175  INFO 11588 --- [main] o.s.w.s.handler.SimpleUrlHandlerMapping  : Mapped URL path [/**] onto handler of type [class org.springframework.web.servlet.resource.ResourceHttpRequestHandler]
2017-12-26 00:23:48.342  INFO 11588 --- [main] o.s.w.s.handler.SimpleUrlHandlerMapping  : Mapped URL path [/**/favicon.ico] onto handler of type [class org.springframework.web.servlet.resource.ResourceHttpRequestHandler]
2017-12-26 00:23:49.344  INFO 11588 --- [main] o.s.j.e.a.AnnotationMBeanExporter        : Registering beans for JMX exposure on startup
2017-12-26 00:23:49.490  INFO 11588 --- [main] s.b.c.e.t.TomcatEmbeddedServletContainer : Tomcat started on port(s): 8080 (http)
2017-12-26 00:23:49.501  INFO 11588 --- [main] r.a.AuthenticationApplication            : Started AuthenticationApplication in 17.697 seconds (JVM running for 22.478)
2017-12-26 00:24:19.397  INFO 11588 --- [http-nio-8080-exec-2] o.a.c.c.C.[Tomcat].[localhost].[/]       : Initializing Spring FrameworkServlet 'dispatcherServlet'
2017-12-26 00:24:19.397  INFO 11588 --- [http-nio-8080-exec-2] o.s.web.servlet.DispatcherServlet        : FrameworkServlet 'dispatcherServlet': initialization started
2017-12-26 00:24:19.470  INFO 11588 --- [http-nio-8080-exec-2] o.s.web.servlet.DispatcherServlet        : FrameworkServlet 'dispatcherServlet': initialization completed in 73 ms
2017-12-26 00:27:35.505  INFO 11588 --- [http-nio-8080-exec-1] o.h.h.i.QueryTranslatorFactoryInitiator  : HHH000397: Using ASTQueryTranslatorFactory
2017-12-26 00:28:37.617  INFO 14824 --- [main] r.a.AuthenticationApplication            : Starting AuthenticationApplication on home-pc with PID 14824 (C:\Users\user\Desktop\PhoneBook\JavaServices\authentication\out\production\classes started by user in C:\Users\user\Desktop\PhoneBook\JavaServices\projects)
2017-12-26 00:28:37.657  INFO 14824 --- [main] r.a.AuthenticationApplication            : No active profile set, falling back to default profiles: default
2017-12-26 00:28:37.837  INFO 14824 --- [main] ationConfigEmbeddedWebApplicationContext : Refreshing org.springframework.boot.context.embedded.AnnotationConfigEmbeddedWebApplicationContext@59d016c9: startup date [Tue Dec 26 00:28:37 MSK 2017]; root of context hierarchy
2017-12-26 00:28:40.753  INFO 14824 --- [main] trationDelegate$BeanPostProcessorChecker : Bean 'org.springframework.transaction.annotation.ProxyTransactionManagementConfiguration' of type [class org.springframework.transaction.annotation.ProxyTransactionManagementConfiguration$$EnhancerBySpringCGLIB$$cb3f6d22] is not eligible for getting processed by all BeanPostProcessors (for example: not eligible for auto-proxying)
2017-12-26 00:28:41.695  INFO 14824 --- [main] s.b.c.e.t.TomcatEmbeddedServletContainer : Tomcat initialized with port(s): 8080 (http)
2017-12-26 00:28:41.713  INFO 14824 --- [main] o.apache.catalina.core.StandardService   : Starting service Tomcat
2017-12-26 00:28:41.715  INFO 14824 --- [main] org.apache.catalina.core.StandardEngine  : Starting Servlet Engine: Apache Tomcat/8.5.6
2017-12-26 00:28:42.008  INFO 14824 --- [localhost-startStop-1] o.a.c.c.C.[Tomcat].[localhost].[/]       : Initializing Spring embedded WebApplicationContext
2017-12-26 00:28:42.012  INFO 14824 --- [localhost-startStop-1] o.s.web.context.ContextLoader            : Root WebApplicationContext: initialization completed in 4179 ms
2017-12-26 00:28:42.351  INFO 14824 --- [localhost-startStop-1] o.s.b.w.servlet.FilterRegistrationBean   : Mapping filter: 'characterEncodingFilter' to: [/*]
2017-12-26 00:28:42.353  INFO 14824 --- [localhost-startStop-1] o.s.b.w.servlet.FilterRegistrationBean   : Mapping filter: 'hiddenHttpMethodFilter' to: [/*]
2017-12-26 00:28:42.353  INFO 14824 --- [localhost-startStop-1] o.s.b.w.servlet.FilterRegistrationBean   : Mapping filter: 'httpPutFormContentFilter' to: [/*]
2017-12-26 00:28:42.357  INFO 14824 --- [localhost-startStop-1] o.s.b.w.servlet.FilterRegistrationBean   : Mapping filter: 'requestContextFilter' to: [/*]
2017-12-26 00:28:42.359  INFO 14824 --- [localhost-startStop-1] .s.DelegatingFilterProxyRegistrationBean : Mapping filter: 'springSecurityFilterChain' to: [/*]
2017-12-26 00:28:42.360  INFO 14824 --- [localhost-startStop-1] o.s.b.w.servlet.ServletRegistrationBean  : Mapping servlet: 'dispatcherServlet' to [/]
2017-12-26 00:28:42.780  INFO 14824 --- [main] j.LocalContainerEntityManagerFactoryBean : Building JPA container EntityManagerFactory for persistence unit 'default'
2017-12-26 00:28:42.797  INFO 14824 --- [main] o.hibernate.jpa.internal.util.LogHelper  : HHH000204: Processing PersistenceUnitInfo [
	name: default
	...]
2017-12-26 00:28:42.919  INFO 14824 --- [main] org.hibernate.Version                    : HHH000412: Hibernate Core {5.0.11.Final}
2017-12-26 00:28:42.920  INFO 14824 --- [main] org.hibernate.cfg.Environment            : HHH000206: hibernate.properties not found
2017-12-26 00:28:42.929  INFO 14824 --- [main] org.hibernate.cfg.Environment            : HHH000021: Bytecode provider name : javassist
2017-12-26 00:28:43.017  INFO 14824 --- [main] o.hibernate.annotations.common.Version   : HCANN000001: Hibernate Commons Annotations {5.0.1.Final}
2017-12-26 00:28:43.580  INFO 14824 --- [main] org.hibernate.dialect.Dialect            : HHH000400: Using dialect: org.hibernate.dialect.MySQL5Dialect
2017-12-26 00:28:43.610  INFO 14824 --- [main] o.h.e.j.e.i.LobCreatorBuilderImpl        : HHH000423: Disabling contextual LOB creation as JDBC driver reported JDBC version [3] less than 4
2017-12-26 00:28:44.502  INFO 14824 --- [main] org.hibernate.tool.hbm2ddl.SchemaUpdate  : HHH000228: Running hbm2ddl schema update
2017-12-26 00:28:44.651  INFO 14824 --- [main] j.LocalContainerEntityManagerFactoryBean : Initialized JPA EntityManagerFactory for persistence unit 'default'
2017-12-26 00:28:45.607  INFO 14824 --- [main] o.s.s.web.DefaultSecurityFilterChain     : Creating filter chain: org.springframework.security.web.util.matcher.AnyRequestMatcher@1, [org.springframework.security.web.context.request.async.WebAsyncManagerIntegrationFilter@72af90e8, org.springframework.security.web.context.SecurityContextPersistenceFilter@77324a58, org.springframework.security.web.header.HeaderWriterFilter@7dbae40, org.springframework.security.web.authentication.logout.LogoutFilter@16f7f59f, org.springframework.security.web.authentication.www.BasicAuthenticationFilter@3be3e76c, org.springframework.security.web.savedrequest.RequestCacheAwareFilter@307cf964, org.springframework.security.web.servletapi.SecurityContextHolderAwareRequestFilter@37ca3ca8, org.springframework.security.web.authentication.AnonymousAuthenticationFilter@aa1bb14, org.springframework.security.web.session.SessionManagementFilter@242ff747, org.springframework.security.web.access.ExceptionTranslationFilter@13f40d71, org.springframework.security.web.access.intercept.FilterSecurityInterceptor@2d22d3b1]
2017-12-26 00:28:45.736  INFO 14824 --- [main] s.w.s.m.m.a.RequestMappingHandlerAdapter : Looking for @ControllerAdvice: org.springframework.boot.context.embedded.AnnotationConfigEmbeddedWebApplicationContext@59d016c9: startup date [Tue Dec 26 00:28:37 MSK 2017]; root of context hierarchy
2017-12-26 00:28:45.809  INFO 14824 --- [main] s.w.s.m.m.a.RequestMappingHandlerMapping : Mapped "{[/user/],methods=[POST]}" onto public org.springframework.http.ResponseEntity<rnd.authentication.dto.response.AbstractResponseDto> rnd.authentication.controller.UserController.createUser(rnd.authentication.dto.entity.user.AuthenticationDto)
2017-12-26 00:28:45.811  INFO 14824 --- [main] s.w.s.m.m.a.RequestMappingHandlerMapping : Mapped "{[/user/count],methods=[GET]}" onto public org.springframework.http.HttpEntity<rnd.authentication.dto.response.AbstractResponseDto> rnd.authentication.controller.UserController.userCout()
2017-12-26 00:28:45.811  INFO 14824 --- [main] s.w.s.m.m.a.RequestMappingHandlerMapping : Mapped "{[/user/{id}],methods=[PUT]}" onto public org.springframework.http.ResponseEntity<rnd.authentication.dto.response.AbstractResponseDto> rnd.authentication.controller.UserController.updateUser(long,rnd.authentication.dto.entity.user.UserDto)
2017-12-26 00:28:45.815  INFO 14824 --- [main] s.w.s.m.m.a.RequestMappingHandlerMapping : Mapped "{[/user/{id}],methods=[DELETE]}" onto public org.springframework.http.ResponseEntity<rnd.authentication.dto.response.AbstractResponseDto> rnd.authentication.controller.UserController.deleteUser(long)
2017-12-26 00:28:45.816  INFO 14824 --- [main] s.w.s.m.m.a.RequestMappingHandlerMapping : Mapped "{[/user/profile],methods=[GET]}" onto public org.springframework.http.HttpEntity<rnd.authentication.dto.response.AbstractResponseDto> rnd.authentication.controller.UserController.profileDetail(java.security.Principal)
2017-12-26 00:28:45.818  INFO 14824 --- [main] s.w.s.m.m.a.RequestMappingHandlerMapping : Mapped "{[/user/],methods=[DELETE]}" onto public org.springframework.http.ResponseEntity<rnd.authentication.dto.response.AbstractResponseDto> rnd.authentication.controller.UserController.deleteAllUsers()
2017-12-26 00:28:45.819  INFO 14824 --- [main] s.w.s.m.m.a.RequestMappingHandlerMapping : Mapped "{[/user/],methods=[GET]}" onto public org.springframework.http.HttpEntity<rnd.authentication.dto.response.AbstractResponseDto> rnd.authentication.controller.UserController.listAllUsers()
2017-12-26 00:28:45.819  INFO 14824 --- [main] s.w.s.m.m.a.RequestMappingHandlerMapping : Mapped "{[/user/{id}],methods=[GET]}" onto public org.springframework.http.ResponseEntity<rnd.authentication.dto.response.AbstractResponseDto> rnd.authentication.controller.UserController.getUser(long)
2017-12-26 00:28:45.823  INFO 14824 --- [main] s.w.s.m.m.a.RequestMappingHandlerMapping : Mapped "{[/error]}" onto public org.springframework.http.ResponseEntity<java.util.Map<java.lang.String, java.lang.Object>> org.springframework.boot.autoconfigure.web.BasicErrorController.error(javax.servlet.http.HttpServletRequest)
2017-12-26 00:28:45.824  INFO 14824 --- [main] s.w.s.m.m.a.RequestMappingHandlerMapping : Mapped "{[/error],produces=[text/html]}" onto public org.springframework.web.servlet.ModelAndView org.springframework.boot.autoconfigure.web.BasicErrorController.errorHtml(javax.servlet.http.HttpServletRequest,javax.servlet.http.HttpServletResponse)
2017-12-26 00:28:45.861  INFO 14824 --- [main] o.s.w.s.handler.SimpleUrlHandlerMapping  : Mapped URL path [/webjars/**] onto handler of type [class org.springframework.web.servlet.resource.ResourceHttpRequestHandler]
2017-12-26 00:28:45.861  INFO 14824 --- [main] o.s.w.s.handler.SimpleUrlHandlerMapping  : Mapped URL path [/**] onto handler of type [class org.springframework.web.servlet.resource.ResourceHttpRequestHandler]
2017-12-26 00:28:45.918  INFO 14824 --- [main] o.s.w.s.handler.SimpleUrlHandlerMapping  : Mapped URL path [/**/favicon.ico] onto handler of type [class org.springframework.web.servlet.resource.ResourceHttpRequestHandler]
2017-12-26 00:28:46.253  INFO 14824 --- [main] o.s.j.e.a.AnnotationMBeanExporter        : Registering beans for JMX exposure on startup
2017-12-26 00:28:46.317  INFO 14824 --- [main] s.b.c.e.t.TomcatEmbeddedServletContainer : Tomcat started on port(s): 8080 (http)
2017-12-26 00:28:46.324  INFO 14824 --- [main] r.a.AuthenticationApplication            : Started AuthenticationApplication in 9.61 seconds (JVM running for 11.256)
2017-12-26 00:29:27.701  INFO 14824 --- [http-nio-8080-exec-2] o.a.c.c.C.[Tomcat].[localhost].[/]       : Initializing Spring FrameworkServlet 'dispatcherServlet'
2017-12-26 00:29:27.702  INFO 14824 --- [http-nio-8080-exec-2] o.s.web.servlet.DispatcherServlet        : FrameworkServlet 'dispatcherServlet': initialization started
2017-12-26 00:29:27.724  INFO 14824 --- [http-nio-8080-exec-2] o.s.web.servlet.DispatcherServlet        : FrameworkServlet 'dispatcherServlet': initialization completed in 22 ms
2017-12-26 00:29:27.906  INFO 14824 --- [http-nio-8080-exec-2] o.h.h.i.QueryTranslatorFactoryInitiator  : HHH000397: Using ASTQueryTranslatorFactory
2017-12-26 00:31:54.794  INFO 3824 --- [main] r.a.AuthenticationApplication            : Starting AuthenticationApplication on home-pc with PID 3824 (C:\Users\user\Desktop\PhoneBook\JavaServices\authentication\out\production\classes started by user in C:\Users\user\Desktop\PhoneBook\JavaServices\projects)
2017-12-26 00:31:54.837  INFO 3824 --- [main] r.a.AuthenticationApplication            : No active profile set, falling back to default profiles: default
2017-12-26 00:31:54.932  INFO 3824 --- [main] ationConfigEmbeddedWebApplicationContext : Refreshing org.springframework.boot.context.embedded.AnnotationConfigEmbeddedWebApplicationContext@59d016c9: startup date [Tue Dec 26 00:31:54 MSK 2017]; root of context hierarchy
2017-12-26 00:31:58.372  INFO 3824 --- [main] trationDelegate$BeanPostProcessorChecker : Bean 'org.springframework.transaction.annotation.ProxyTransactionManagementConfiguration' of type [class org.springframework.transaction.annotation.ProxyTransactionManagementConfiguration$$EnhancerBySpringCGLIB$$cb3f6d22] is not eligible for getting processed by all BeanPostProcessors (for example: not eligible for auto-proxying)
2017-12-26 00:31:58.787  INFO 3824 --- [main] s.b.c.e.t.TomcatEmbeddedServletContainer : Tomcat initialized with port(s): 8080 (http)
2017-12-26 00:31:58.803  INFO 3824 --- [main] o.apache.catalina.core.StandardService   : Starting service Tomcat
2017-12-26 00:31:58.804  INFO 3824 --- [main] org.apache.catalina.core.StandardEngine  : Starting Servlet Engine: Apache Tomcat/8.5.6
2017-12-26 00:31:58.922  INFO 3824 --- [localhost-startStop-1] o.a.c.c.C.[Tomcat].[localhost].[/]       : Initializing Spring embedded WebApplicationContext
2017-12-26 00:31:58.923  INFO 3824 --- [localhost-startStop-1] o.s.web.context.ContextLoader            : Root WebApplicationContext: initialization completed in 3996 ms
2017-12-26 00:31:59.257  INFO 3824 --- [localhost-startStop-1] o.s.b.w.servlet.FilterRegistrationBean   : Mapping filter: 'characterEncodingFilter' to: [/*]
2017-12-26 00:31:59.258  INFO 3824 --- [localhost-startStop-1] o.s.b.w.servlet.FilterRegistrationBean   : Mapping filter: 'hiddenHttpMethodFilter' to: [/*]
2017-12-26 00:31:59.258  INFO 3824 --- [localhost-startStop-1] o.s.b.w.servlet.FilterRegistrationBean   : Mapping filter: 'httpPutFormContentFilter' to: [/*]
2017-12-26 00:31:59.259  INFO 3824 --- [localhost-startStop-1] o.s.b.w.servlet.FilterRegistrationBean   : Mapping filter: 'requestContextFilter' to: [/*]
2017-12-26 00:31:59.261  INFO 3824 --- [localhost-startStop-1] .s.DelegatingFilterProxyRegistrationBean : Mapping filter: 'springSecurityFilterChain' to: [/*]
2017-12-26 00:31:59.262  INFO 3824 --- [localhost-startStop-1] o.s.b.w.servlet.ServletRegistrationBean  : Mapping servlet: 'dispatcherServlet' to [/]
2017-12-26 00:31:59.593  INFO 3824 --- [main] j.LocalContainerEntityManagerFactoryBean : Building JPA container EntityManagerFactory for persistence unit 'default'
2017-12-26 00:31:59.608  INFO 3824 --- [main] o.hibernate.jpa.internal.util.LogHelper  : HHH000204: Processing PersistenceUnitInfo [
	name: default
	...]
2017-12-26 00:31:59.685  INFO 3824 --- [main] org.hibernate.Version                    : HHH000412: Hibernate Core {5.0.11.Final}
2017-12-26 00:31:59.687  INFO 3824 --- [main] org.hibernate.cfg.Environment            : HHH000206: hibernate.properties not found
2017-12-26 00:31:59.688  INFO 3824 --- [main] org.hibernate.cfg.Environment            : HHH000021: Bytecode provider name : javassist
2017-12-26 00:31:59.734  INFO 3824 --- [main] o.hibernate.annotations.common.Version   : HCANN000001: Hibernate Commons Annotations {5.0.1.Final}
2017-12-26 00:32:00.109  INFO 3824 --- [main] org.hibernate.dialect.Dialect            : HHH000400: Using dialect: org.hibernate.dialect.MySQL5Dialect
2017-12-26 00:32:00.132  INFO 3824 --- [main] o.h.e.j.e.i.LobCreatorBuilderImpl        : HHH000423: Disabling contextual LOB creation as JDBC driver reported JDBC version [3] less than 4
2017-12-26 00:32:00.697  INFO 3824 --- [main] org.hibernate.tool.hbm2ddl.SchemaUpdate  : HHH000228: Running hbm2ddl schema update
2017-12-26 00:32:00.789  INFO 3824 --- [main] j.LocalContainerEntityManagerFactoryBean : Initialized JPA EntityManagerFactory for persistence unit 'default'
2017-12-26 00:32:01.633  INFO 3824 --- [main] o.s.s.web.DefaultSecurityFilterChain     : Creating filter chain: org.springframework.security.web.util.matcher.AnyRequestMatcher@1, [org.springframework.security.web.context.request.async.WebAsyncManagerIntegrationFilter@72af90e8, org.springframework.security.web.context.SecurityContextPersistenceFilter@77324a58, org.springframework.security.web.header.HeaderWriterFilter@7dbae40, org.springframework.security.web.authentication.logout.LogoutFilter@16f7f59f, org.springframework.security.web.authentication.www.BasicAuthenticationFilter@3be3e76c, org.springframework.security.web.savedrequest.RequestCacheAwareFilter@307cf964, org.springframework.security.web.servletapi.SecurityContextHolderAwareRequestFilter@37ca3ca8, org.springframework.security.web.authentication.AnonymousAuthenticationFilter@aa1bb14, org.springframework.security.web.session.SessionManagementFilter@242ff747, org.springframework.security.web.access.ExceptionTranslationFilter@13f40d71, org.springframework.security.web.access.intercept.FilterSecurityInterceptor@2d22d3b1]
2017-12-26 00:32:01.786  INFO 3824 --- [main] s.w.s.m.m.a.RequestMappingHandlerAdapter : Looking for @ControllerAdvice: org.springframework.boot.context.embedded.AnnotationConfigEmbeddedWebApplicationContext@59d016c9: startup date [Tue Dec 26 00:31:54 MSK 2017]; root of context hierarchy
2017-12-26 00:32:01.865  INFO 3824 --- [main] s.w.s.m.m.a.RequestMappingHandlerMapping : Mapped "{[/user/{id}],methods=[PUT]}" onto public org.springframework.http.ResponseEntity<rnd.authentication.dto.response.AbstractResponseDto> rnd.authentication.controller.UserController.updateUser(long,rnd.authentication.dto.entity.user.UserDto)
2017-12-26 00:32:01.868  INFO 3824 --- [main] s.w.s.m.m.a.RequestMappingHandlerMapping : Mapped "{[/user/],methods=[GET]}" onto public org.springframework.http.HttpEntity<rnd.authentication.dto.response.AbstractResponseDto> rnd.authentication.controller.UserController.listAllUsers()
2017-12-26 00:32:01.868  INFO 3824 --- [main] s.w.s.m.m.a.RequestMappingHandlerMapping : Mapped "{[/user/],methods=[POST]}" onto public org.springframework.http.ResponseEntity<rnd.authentication.dto.response.AbstractResponseDto> rnd.authentication.controller.UserController.createUser(rnd.authentication.dto.entity.user.AuthenticationDto)
2017-12-26 00:32:01.871  INFO 3824 --- [main] s.w.s.m.m.a.RequestMappingHandlerMapping : Mapped "{[/user/{id}],methods=[GET]}" onto public org.springframework.http.ResponseEntity<rnd.authentication.dto.response.AbstractResponseDto> rnd.authentication.controller.UserController.getUser(long)
2017-12-26 00:32:01.872  INFO 3824 --- [main] s.w.s.m.m.a.RequestMappingHandlerMapping : Mapped "{[/user/{id}],methods=[DELETE]}" onto public org.springframework.http.ResponseEntity<rnd.authentication.dto.response.AbstractResponseDto> rnd.authentication.controller.UserController.deleteUser(long)
2017-12-26 00:32:01.874  INFO 3824 --- [main] s.w.s.m.m.a.RequestMappingHandlerMapping : Mapped "{[/user/count],methods=[GET]}" onto public org.springframework.http.HttpEntity<rnd.authentication.dto.response.AbstractResponseDto> rnd.authentication.controller.UserController.userCout()
2017-12-26 00:32:01.875  INFO 3824 --- [main] s.w.s.m.m.a.RequestMappingHandlerMapping : Mapped "{[/user/],methods=[DELETE]}" onto public org.springframework.http.ResponseEntity<rnd.authentication.dto.response.AbstractResponseDto> rnd.authentication.controller.UserController.deleteAllUsers()
2017-12-26 00:32:01.875  INFO 3824 --- [main] s.w.s.m.m.a.RequestMappingHandlerMapping : Mapped "{[/user/profile],methods=[GET]}" onto public org.springframework.http.HttpEntity<rnd.authentication.dto.response.AbstractResponseDto> rnd.authentication.controller.UserController.profileDetail(java.security.Principal)
2017-12-26 00:32:01.881  INFO 3824 --- [main] s.w.s.m.m.a.RequestMappingHandlerMapping : Mapped "{[/error]}" onto public org.springframework.http.ResponseEntity<java.util.Map<java.lang.String, java.lang.Object>> org.springframework.boot.autoconfigure.web.BasicErrorController.error(javax.servlet.http.HttpServletRequest)
2017-12-26 00:32:01.881  INFO 3824 --- [main] s.w.s.m.m.a.RequestMappingHandlerMapping : Mapped "{[/error],produces=[text/html]}" onto public org.springframework.web.servlet.ModelAndView org.springframework.boot.autoconfigure.web.BasicErrorController.errorHtml(javax.servlet.http.HttpServletRequest,javax.servlet.http.HttpServletResponse)
2017-12-26 00:32:01.945  INFO 3824 --- [main] o.s.w.s.handler.SimpleUrlHandlerMapping  : Mapped URL path [/webjars/**] onto handler of type [class org.springframework.web.servlet.resource.ResourceHttpRequestHandler]
2017-12-26 00:32:01.946  INFO 3824 --- [main] o.s.w.s.handler.SimpleUrlHandlerMapping  : Mapped URL path [/**] onto handler of type [class org.springframework.web.servlet.resource.ResourceHttpRequestHandler]
2017-12-26 00:32:02.012  INFO 3824 --- [main] o.s.w.s.handler.SimpleUrlHandlerMapping  : Mapped URL path [/**/favicon.ico] onto handler of type [class org.springframework.web.servlet.resource.ResourceHttpRequestHandler]
2017-12-26 00:32:02.420  INFO 3824 --- [main] o.s.j.e.a.AnnotationMBeanExporter        : Registering beans for JMX exposure on startup
2017-12-26 00:32:02.499  INFO 3824 --- [main] s.b.c.e.t.TomcatEmbeddedServletContainer : Tomcat started on port(s): 8080 (http)
2017-12-26 00:32:02.506  INFO 3824 --- [main] r.a.AuthenticationApplication            : Started AuthenticationApplication in 8.926 seconds (JVM running for 10.321)
2017-12-26 00:33:01.614  INFO 3824 --- [http-nio-8080-exec-1] o.a.c.c.C.[Tomcat].[localhost].[/]       : Initializing Spring FrameworkServlet 'dispatcherServlet'
2017-12-26 00:33:01.614  INFO 3824 --- [http-nio-8080-exec-1] o.s.web.servlet.DispatcherServlet        : FrameworkServlet 'dispatcherServlet': initialization started
2017-12-26 00:33:01.630  INFO 3824 --- [http-nio-8080-exec-1] o.s.web.servlet.DispatcherServlet        : FrameworkServlet 'dispatcherServlet': initialization completed in 16 ms
2017-12-26 00:37:09.237  INFO 3824 --- [http-nio-8080-exec-1] o.h.h.i.QueryTranslatorFactoryInitiator  : HHH000397: Using ASTQueryTranslatorFactory
